c:\users\greyjordan\documents\strongriddll\strongridsimulatorgui_mfc\x64\release\strongridsimulatorgui_mfc.pch
c:\users\greyjordan\documents\strongriddll\strongridsimulatorgui_mfc\x64\release\vc141.pdb
c:\users\greyjordan\documents\strongriddll\strongridsimulatorgui_mfc\x64\release\stdafx.obj
c:\users\greyjordan\documents\strongriddll\strongridsimulatorgui_mfc\x64\release\outputwnd.obj
c:\users\greyjordan\documents\strongriddll\strongridsimulatorgui_mfc\x64\release\managedpdcsimulator.obj
c:\users\greyjordan\documents\strongriddll\strongridsimulatorgui_mfc\x64\release\mainfrm.obj
c:\users\greyjordan\documents\strongriddll\strongridsimulatorgui_mfc\x64\release\cpdcprojectview.obj
c:\users\greyjordan\documents\strongriddll\strongridsimulatorgui_mfc\x64\release\simulatordatatypes.obj
c:\users\greyjordan\documents\strongriddll\strongridsimulatorgui_mfc\x64\release\simpleconstantdatafeed.obj
c:\users\greyjordan\documents\strongriddll\strongridsimulatorgui_mfc\x64\release\simgui_pmudoc.obj
c:\users\greyjordan\documents\strongriddll\strongridsimulatorgui_mfc\x64\release\simgui_phasorview.obj
c:\users\greyjordan\documents\strongriddll\strongridsimulatorgui_mfc\x64\release\simgui_phasordoc.obj
c:\users\greyjordan\documents\strongriddll\strongridsimulatorgui_mfc\x64\release\simgui_digitalview.obj
c:\users\greyjordan\documents\strongriddll\strongridsimulatorgui_mfc\x64\release\simgui_digitaldoc.obj
c:\users\greyjordan\documents\strongriddll\strongridsimulatorgui_mfc\x64\release\simgui_analogview.obj
c:\users\greyjordan\documents\strongriddll\strongridsimulatorgui_mfc\x64\release\simgui_analogdoc.obj
c:\users\greyjordan\documents\strongriddll\strongridsimulatorgui_mfc\x64\release\filestreamchanneldatafeed.obj
c:\users\greyjordan\documents\strongriddll\strongridsimulatorgui_mfc\x64\release\constantchanneldatafeed.obj
c:\users\greyjordan\documents\strongriddll\strongridsimulatorgui_mfc\x64\release\common.obj
c:\users\greyjordan\documents\strongriddll\strongridsimulatorgui_mfc\x64\release\childfrm.obj
c:\users\greyjordan\documents\strongriddll\strongridsimulatorgui_mfc\x64\release\c37118adaptationlayer.obj
c:\users\greyjordan\documents\strongriddll\strongridsimulatorgui_mfc\x64\release\bridgedpdcdatafeed.obj
c:\users\greyjordan\documents\strongriddll\strongridsimulatorgui_mfc\x64\release\bridgedpmudatafeed.obj
c:\users\greyjordan\documents\strongriddll\strongridsimulatorgui_mfc\x64\release\viewtree.obj
c:\users\greyjordan\documents\strongriddll\strongridsimulatorgui_mfc\x64\release\strongridsimulatorgui_mfcview.obj
c:\users\greyjordan\documents\strongriddll\strongridsimulatorgui_mfc\x64\release\strongridsimulatorgui_mfcdoc.obj
c:\users\greyjordan\documents\strongriddll\strongridsimulatorgui_mfc\x64\release\strongridsimulatorgui_mfc.obj
c:\users\greyjordan\documents\strongriddll\strongridsimulatorgui_mfc\x64\release\simgui_pmuview.obj
c:\users\greyjordan\documents\strongriddll\strongridsimulatorgui_mfc\x64\release\simgui_pdcview.obj
c:\users\greyjordan\documents\strongriddll\strongridsimulatorgui_mfc\x64\release\simgui_pdcdoc.obj
c:\users\greyjordan\documents\strongriddll\strongridsimulatorgui_mfc\x64\release\propertieswnd.obj
c:\users\greyjordan\documents\strongriddll\strongridsimulatorgui_mfc\x64\release\pdcsimulatormanager.obj
c:\users\greyjordan\documents\strongriddll\x64\release\strongridsimulatorgui_mfc.exe
c:\users\greyjordan\documents\strongriddll\x64\release\strongridsimulatorgui_mfc.pdb
c:\users\greyjordan\documents\strongriddll\strongridsimulatorgui_mfc\x64\release\strongridsimulatorgui_mfc.res
c:\users\greyjordan\documents\strongriddll\x64\release\strongridsimulatorgui_mfc.ipdb
c:\users\greyjordan\documents\strongriddll\x64\release\strongridsimulatorgui_mfc.iobj
c:\users\greyjordan\documents\strongriddll\strongridsimulatorgui_mfc\x64\release\strongri.7ac23650.tlog\cl.command.1.tlog
c:\users\greyjordan\documents\strongriddll\strongridsimulatorgui_mfc\x64\release\strongri.7ac23650.tlog\cl.read.1.tlog
c:\users\greyjordan\documents\strongriddll\strongridsimulatorgui_mfc\x64\release\strongri.7ac23650.tlog\cl.write.1.tlog
c:\users\greyjordan\documents\strongriddll\strongridsimulatorgui_mfc\x64\release\strongri.7ac23650.tlog\link.command.1.tlog
c:\users\greyjordan\documents\strongriddll\strongridsimulatorgui_mfc\x64\release\strongri.7ac23650.tlog\link.read.1.tlog
c:\users\greyjordan\documents\strongriddll\strongridsimulatorgui_mfc\x64\release\strongri.7ac23650.tlog\link.write.1.tlog
c:\users\greyjordan\documents\strongriddll\strongridsimulatorgui_mfc\x64\release\strongri.7ac23650.tlog\rc.command.1.tlog
c:\users\greyjordan\documents\strongriddll\strongridsimulatorgui_mfc\x64\release\strongri.7ac23650.tlog\rc.read.1.tlog
c:\users\greyjordan\documents\strongriddll\strongridsimulatorgui_mfc\x64\release\strongri.7ac23650.tlog\rc.write.1.tlog
c:\users\greyjordan\documents\strongriddll\strongridsimulatorgui_mfc\x64\release\strongri.7ac23650.tlog\strongridsimulatorgui_mfc.write.1u.tlog
